<?xml version="1.0" encoding="UTF-8"?>
<!-- Generated by org.testng.reporters.JUnitXMLReporter -->
<testsuite hostname="DESKTOP-O1BAHTG" ignored="1" name="Default test" tests="2" failures="0" timestamp="24 Mar 2019 18:54:08 GMT" time="92.998" errors="0">
  <testcase name="checkTitle" time="50.303" classname="com.qa.TestCases.IndexTestCase"/>
  <testcase name="sortDresses" time="25.407" classname="com.qa.TestCases.IndexTestCase"/>
  <testcase name="tShirts" time="0.0" classname="com.qa.TestCases.IndexTestCase">
    <ignored/>
  </testcase> <!-- tShirts -->
</testsuite> <!-- Default test -->
