<?xml version="1.0" encoding="UTF-8"?>
<!-- Generated by org.testng.reporters.JUnitXMLReporter -->
<testsuite hostname="DESKTOP-O1BAHTG" ignored="1" name="RunOnFirefox" tests="1" failures="0" timestamp="22 Mar 2019 11:18:39 GMT" time="29.002" errors="0">
  <testcase name="sortDresses" time="7.245" classname="com.qa.TestCases.IndexTestCase"/>
  <testcase name="tShirts" time="0.0" classname="com.qa.TestCases.IndexTestCase">
    <ignored/>
  </testcase> <!-- tShirts -->
</testsuite> <!-- RunOnFirefox -->
