<?xml version="1.0" encoding="UTF-8"?>
<!-- Generated by org.testng.reporters.JUnitXMLReporter -->
<testsuite hostname="DESKTOP-O1BAHTG" ignored="1" name="RunOnChrome" tests="1" failures="0" timestamp="22 Mar 2019 11:18:10 GMT" time="36.488" errors="0">
  <testcase name="sortDresses" time="11.78" classname="com.qa.TestCases.IndexTestCase"/>
  <testcase name="tShirts" time="0.0" classname="com.qa.TestCases.IndexTestCase">
    <ignored/>
  </testcase> <!-- tShirts -->
</testsuite> <!-- RunOnChrome -->
