<?xml version="1.0" encoding="UTF-8"?>
<!-- Generated by org.testng.reporters.JUnitXMLReporter -->
<testsuite hostname="DESKTOP-O1BAHTG" ignored="1" name="TestOnChrome" tests="1" failures="0" timestamp="24 Mar 2019 18:19:09 GMT" time="26.325" errors="0">
  <testcase name="sortDresses" time="2.096" classname="com.qa.TestCases.IndexTestCase"/>
  <testcase name="tShirts" time="0.0" classname="com.qa.TestCases.IndexTestCase">
    <ignored/>
  </testcase> <!-- tShirts -->
</testsuite> <!-- TestOnChrome -->
